[ 2016-12-12T21:04:26+08:00 ] 125.120.40.70 /singcms/admin.php
INFO: [ app_init ] --START--
INFO: Run Behavior\BuildLiteBehavior [ RunTime:0.000015s ]
INFO: [ app_init ] --END-- [ RunTime:0.000085s ]
INFO: [ app_begin ] --START--
INFO: Run Behavior\ReadHtmlCacheBehavior [ RunTime:0.000048s ]
INFO: [ app_begin ] --END-- [ RunTime:0.000084s ]
INFO: [ view_parse ] --START--
INFO: [ template_filter ] --START--
INFO: Run Behavior\ContentReplaceBehavior [ RunTime:0.000041s ]
INFO: [ template_filter ] --END-- [ RunTime:0.000075s ]
NOTIC: [2048] Declaration of Common\Model\MenuModel::find() should be compatible with Think\Model::find($options = Array) /var/www/html/singcms/Application/Common/Model/MenuModel.class.php 第 5 行.
SQL: SHOW COLUMNS FROM `cms_menu` [ RunTime:0.0005s ]
SQL: SELECT * FROM `cms_menu` WHERE `status` <> -1 AND `type` = 1 ORDER BY listorder desc,menu_id desc  [ RunTime:0.0001s ]
NOTIC: [2] Illegal string offset 'c' /var/www/html/singcms/Application/Common/Common/function.php 第 33 行.
NOTIC: [2] Illegal string offset 'c' /var/www/html/singcms/Application/Common/Common/function.php 第 33 行.
NOTIC: [8] Undefined index: a /var/www/html/singcms/Application/Common/Common/function.php 第 23 行.
NOTIC: [2] Illegal string offset 'c' /var/www/html/singcms/Application/Common/Common/function.php 第 33 行.
NOTIC: [8] Undefined index: a /var/www/html/singcms/Application/Common/Common/function.php 第 23 行.
NOTIC: [2] Illegal string offset 'c' /var/www/html/singcms/Application/Common/Common/function.php 第 33 行.
NOTIC: [8] Undefined index: a /var/www/html/singcms/Application/Common/Common/function.php 第 23 行.
NOTIC: [2] Illegal string offset 'c' /var/www/html/singcms/Application/Common/Common/function.php 第 33 行.
NOTIC: [8] Undefined index: a /var/www/html/singcms/Application/Common/Common/function.php 第 23 行.
NOTIC: [2] Illegal string offset 'c' /var/www/html/singcms/Application/Common/Common/function.php 第 33 行.
NOTIC: [8] Undefined index: a /var/www/html/singcms/Application/Common/Common/function.php 第 23 行.
NOTIC: [2] Illegal string offset 'c' /var/www/html/singcms/Application/Common/Common/function.php 第 33 行.
NOTIC: [8] Undefined index: a /var/www/html/singcms/Application/Common/Common/function.php 第 23 行.
INFO: Run Behavior\ParseTemplateBehavior [ RunTime:0.007908s ]
INFO: [ view_parse ] --END-- [ RunTime:0.007944s ]
INFO: [ view_filter ] --START--
INFO: Run Behavior\WriteHtmlCacheBehavior [ RunTime:0.000039s ]
INFO: [ view_filter ] --END-- [ RunTime:0.000066s ]
INFO: [ app_end ] --START--
INFO: Run Behavior\ShowPageTraceBehavior [ RunTime:0.000056s ]
INFO: [ app_end ] --END-- [ RunTime:0.000088s ]

[ 2016-12-12T21:04:26+08:00 ] 125.120.40.70 /singcms/admin.php?c=login
INFO: [ app_init ] --START--
INFO: Run Behavior\BuildLiteBehavior [ RunTime:0.000011s ]
INFO: [ app_init ] --END-- [ RunTime:0.000057s ]
INFO: [ app_begin ] --START--
INFO: Run Behavior\ReadHtmlCacheBehavior [ RunTime:0.000029s ]
INFO: [ app_begin ] --END-- [ RunTime:0.000058s ]
INFO: [ view_parse ] --START--
INFO: [ template_filter ] --START--
INFO: Run Behavior\ContentReplaceBehavior [ RunTime:0.000027s ]
INFO: [ template_filter ] --END-- [ RunTime:0.000069s ]
INFO: Run Behavior\ParseTemplateBehavior [ RunTime:0.001360s ]
INFO: [ view_parse ] --END-- [ RunTime:0.001394s ]
INFO: [ view_filter ] --START--
INFO: Run Behavior\WriteHtmlCacheBehavior [ RunTime:0.000028s ]
INFO: [ view_filter ] --END-- [ RunTime:0.000052s ]
INFO: [ app_end ] --START--
INFO: Run Behavior\ShowPageTraceBehavior [ RunTime:0.000030s ]
INFO: [ app_end ] --END-- [ RunTime:0.000057s ]

[ 2016-12-12T21:04:26+08:00 ] 125.120.40.70 /singcms/admin.php?c=login
INFO: [ app_init ] --START--
INFO: Run Behavior\BuildLiteBehavior [ RunTime:0.000011s ]
INFO: [ app_init ] --END-- [ RunTime:0.000059s ]
INFO: [ app_begin ] --START--
INFO: Run Behavior\ReadHtmlCacheBehavior [ RunTime:0.000031s ]
INFO: [ app_begin ] --END-- [ RunTime:0.000061s ]
INFO: [ view_parse ] --START--
INFO: [ template_filter ] --START--
INFO: Run Behavior\ContentReplaceBehavior [ RunTime:0.000028s ]
INFO: [ template_filter ] --END-- [ RunTime:0.000073s ]
INFO: Run Behavior\ParseTemplateBehavior [ RunTime:0.001483s ]
INFO: [ view_parse ] --END-- [ RunTime:0.001517s ]
INFO: [ view_filter ] --START--
INFO: Run Behavior\WriteHtmlCacheBehavior [ RunTime:0.000029s ]
INFO: [ view_filter ] --END-- [ RunTime:0.000057s ]
INFO: [ app_end ] --START--
INFO: Run Behavior\ShowPageTraceBehavior [ RunTime:0.000026s ]
INFO: [ app_end ] --END-- [ RunTime:0.000054s ]

[ 2016-12-12T21:04:30+08:00 ] 125.120.40.70 /singcms/index.php?m=admin&c=login&a=check
INFO: [ app_init ] --START--
INFO: Run Behavior\BuildLiteBehavior [ RunTime:0.000013s ]
INFO: [ app_init ] --END-- [ RunTime:0.000059s ]
INFO: [ app_begin ] --START--
INFO: Run Behavior\ReadHtmlCacheBehavior [ RunTime:0.000031s ]
INFO: [ app_begin ] --END-- [ RunTime:0.000060s ]
SQL: SHOW COLUMNS FROM `cms_admin` [ RunTime:0.0009s ]
SQL: SELECT * FROM `cms_admin` WHERE ( username="zhuwen" ) LIMIT 1   [ RunTime:0.0001s ]
SQL: UPDATE `cms_admin` SET `lastlogintime`='1481547870' WHERE ( admin_id=9 ) [ RunTime:0.0002s ]
NOTIC: [2] Missing argument 3 for show(), called in /var/www/html/singcms/Application/Admin/Controller/LoginController.class.php on line 40 and defined /var/www/html/singcms/Application/Common/Common/function.php 第 4 行.
NOTIC: [8] Undefined variable: data /var/www/html/singcms/Application/Common/Common/function.php 第 8 行.

[ 2016-12-12T21:04:31+08:00 ] 125.120.40.70 /singcms/admin.php
INFO: [ app_init ] --START--
INFO: Run Behavior\BuildLiteBehavior [ RunTime:0.000011s ]
INFO: [ app_init ] --END-- [ RunTime:0.000058s ]
INFO: [ app_begin ] --START--
INFO: Run Behavior\ReadHtmlCacheBehavior [ RunTime:0.000030s ]
INFO: [ app_begin ] --END-- [ RunTime:0.000061s ]
INFO: [ view_parse ] --START--
INFO: [ template_filter ] --START--
INFO: Run Behavior\ContentReplaceBehavior [ RunTime:0.000034s ]
INFO: [ template_filter ] --END-- [ RunTime:0.000066s ]
NOTIC: [2048] Declaration of Common\Model\MenuModel::find() should be compatible with Think\Model::find($options = Array) /var/www/html/singcms/Application/Common/Model/MenuModel.class.php 第 5 行.
SQL: SHOW COLUMNS FROM `cms_menu` [ RunTime:0.0005s ]
SQL: SELECT * FROM `cms_menu` WHERE `status` <> -1 AND `type` = 1 ORDER BY listorder desc,menu_id desc  [ RunTime:0.0001s ]
NOTIC: [2] Illegal string offset 'c' /var/www/html/singcms/Application/Common/Common/function.php 第 33 行.
NOTIC: [2] Illegal string offset 'c' /var/www/html/singcms/Application/Common/Common/function.php 第 33 行.
NOTIC: [8] Undefined index: a /var/www/html/singcms/Application/Common/Common/function.php 第 23 行.
NOTIC: [2] Illegal string offset 'c' /var/www/html/singcms/Application/Common/Common/function.php 第 33 行.
NOTIC: [8] Undefined index: a /var/www/html/singcms/Application/Common/Common/function.php 第 23 行.
NOTIC: [2] Illegal string offset 'c' /var/www/html/singcms/Application/Common/Common/function.php 第 33 行.
NOTIC: [8] Undefined index: a /var/www/html/singcms/Application/Common/Common/function.php 第 23 行.
NOTIC: [2] Illegal string offset 'c' /var/www/html/singcms/Application/Common/Common/function.php 第 33 行.
NOTIC: [8] Undefined index: a /var/www/html/singcms/Application/Common/Common/function.php 第 23 行.
NOTIC: [2] Illegal string offset 'c' /var/www/html/singcms/Application/Common/Common/function.php 第 33 行.
NOTIC: [8] Undefined index: a /var/www/html/singcms/Application/Common/Common/function.php 第 23 行.
NOTIC: [2] Illegal string offset 'c' /var/www/html/singcms/Application/Common/Common/function.php 第 33 行.
NOTIC: [8] Undefined index: a /var/www/html/singcms/Application/Common/Common/function.php 第 23 行.
INFO: Run Behavior\ParseTemplateBehavior [ RunTime:0.005628s ]
INFO: [ view_parse ] --END-- [ RunTime:0.005660s ]
INFO: [ view_filter ] --START--
INFO: Run Behavior\WriteHtmlCacheBehavior [ RunTime:0.000035s ]
INFO: [ view_filter ] --END-- [ RunTime:0.000061s ]
INFO: [ app_end ] --START--
INFO: Run Behavior\ShowPageTraceBehavior [ RunTime:0.000035s ]
INFO: [ app_end ] --END-- [ RunTime:0.000066s ]

[ 2016-12-12T21:04:34+08:00 ] 125.120.40.70 /singcms/admin.php?c=admin
INFO: [ app_init ] --START--
INFO: Run Behavior\BuildLiteBehavior [ RunTime:0.000010s ]
INFO: [ app_init ] --END-- [ RunTime:0.000056s ]
INFO: [ app_begin ] --START--
INFO: Run Behavior\ReadHtmlCacheBehavior [ RunTime:0.000058s ]
INFO: [ app_begin ] --END-- [ RunTime:0.000090s ]
NOTIC: [2048] Declaration of Admin\Controller\AdminController::setStatus() should be compatible with Admin\Controller\CommonController::setStatus($data, $models) /var/www/html/singcms/Application/Admin/Controller/AdminController.class.php 第 9 行.
SQL: SHOW COLUMNS FROM `cms_admin` [ RunTime:0.0005s ]
SQL: SELECT * FROM `cms_admin` WHERE `status` <> -1 ORDER BY admin_id desc  [ RunTime:0.0002s ]
INFO: [ view_parse ] --START--
INFO: [ template_filter ] --START--
INFO: Run Behavior\ContentReplaceBehavior [ RunTime:0.000037s ]
INFO: [ template_filter ] --END-- [ RunTime:0.000071s ]
NOTIC: [2] file_put_contents(./Application/Runtime/Cache/Admin/b682812e058c4f7cab74d08ab9eabe11.php): failed to open stream: Permission denied /var/www/html/singcms/ThinkPHP/Library/Think/Storage/Driver/File.class.php 第 47 行.
ERR: _STORAGE_WRITE_ERROR_:./Application/Runtime/Cache/Admin/b682812e058c4f7cab74d08ab9eabe11.php

[ 2016-12-12T21:05:08+08:00 ] 125.120.40.70 /singcms/admin.php
INFO: [ app_init ] --START--
INFO: Run Behavior\BuildLiteBehavior [ RunTime:0.000015s ]
INFO: [ app_init ] --END-- [ RunTime:0.000084s ]
INFO: [ app_begin ] --START--
INFO: Run Behavior\ReadHtmlCacheBehavior [ RunTime:0.000051s ]
INFO: [ app_begin ] --END-- [ RunTime:0.000090s ]
INFO: [ view_parse ] --START--
INFO: [ template_filter ] --START--
INFO: Run Behavior\ContentReplaceBehavior [ RunTime:0.000044s ]
INFO: [ template_filter ] --END-- [ RunTime:0.000079s ]
NOTIC: [2048] Declaration of Common\Model\MenuModel::find() should be compatible with Think\Model::find($options = Array) /var/www/html/singcms/Application/Common/Model/MenuModel.class.php 第 5 行.
SQL: SHOW COLUMNS FROM `cms_menu` [ RunTime:0.0005s ]
SQL: SELECT * FROM `cms_menu` WHERE `status` <> -1 AND `type` = 1 ORDER BY listorder desc,menu_id desc  [ RunTime:0.0001s ]
NOTIC: [2] Illegal string offset 'c' /var/www/html/singcms/Application/Common/Common/function.php 第 33 行.
NOTIC: [2] Illegal string offset 'c' /var/www/html/singcms/Application/Common/Common/function.php 第 33 行.
NOTIC: [8] Undefined index: a /var/www/html/singcms/Application/Common/Common/function.php 第 23 行.
NOTIC: [2] Illegal string offset 'c' /var/www/html/singcms/Application/Common/Common/function.php 第 33 行.
NOTIC: [8] Undefined index: a /var/www/html/singcms/Application/Common/Common/function.php 第 23 行.
NOTIC: [2] Illegal string offset 'c' /var/www/html/singcms/Application/Common/Common/function.php 第 33 行.
NOTIC: [8] Undefined index: a /var/www/html/singcms/Application/Common/Common/function.php 第 23 行.
NOTIC: [2] Illegal string offset 'c' /var/www/html/singcms/Application/Common/Common/function.php 第 33 行.
NOTIC: [8] Undefined index: a /var/www/html/singcms/Application/Common/Common/function.php 第 23 行.
NOTIC: [2] Illegal string offset 'c' /var/www/html/singcms/Application/Common/Common/function.php 第 33 行.
NOTIC: [8] Undefined index: a /var/www/html/singcms/Application/Common/Common/function.php 第 23 行.
NOTIC: [2] Illegal string offset 'c' /var/www/html/singcms/Application/Common/Common/function.php 第 33 行.
NOTIC: [8] Undefined index: a /var/www/html/singcms/Application/Common/Common/function.php 第 23 行.
INFO: Run Behavior\ParseTemplateBehavior [ RunTime:0.007869s ]
INFO: [ view_parse ] --END-- [ RunTime:0.007904s ]
INFO: [ view_filter ] --START--
INFO: Run Behavior\WriteHtmlCacheBehavior [ RunTime:0.000038s ]
INFO: [ view_filter ] --END-- [ RunTime:0.000065s ]
INFO: [ app_end ] --START--
INFO: Run Behavior\ShowPageTraceBehavior [ RunTime:0.000062s ]
INFO: [ app_end ] --END-- [ RunTime:0.000100s ]

[ 2016-12-12T21:05:09+08:00 ] 125.120.40.70 /singcms/admin.php?c=positioncontent
INFO: [ app_init ] --START--
INFO: Run Behavior\BuildLiteBehavior [ RunTime:0.000012s ]
INFO: [ app_init ] --END-- [ RunTime:0.000057s ]
INFO: [ app_begin ] --START--
INFO: Run Behavior\ReadHtmlCacheBehavior [ RunTime:0.000030s ]
INFO: [ app_begin ] --END-- [ RunTime:0.000060s ]
SQL: SHOW COLUMNS FROM `cms_position` [ RunTime:0.0005s ]
SQL: SELECT * FROM `cms_position` WHERE `status` = 1 ORDER BY id  [ RunTime:0.0001s ]
NOTIC: [8] Undefined index: title /var/www/html/singcms/Application/Admin/Controller/PositioncontentController.class.php 第 13 行.
NOTIC: [8] Undefined index: position_id /var/www/html/singcms/Application/Admin/Controller/PositioncontentController.class.php 第 17 行.
SQL: SHOW COLUMNS FROM `cms_position_content` [ RunTime:0.0003s ]
NOTIC: [8] Undefined index: title /var/www/html/singcms/Application/Common/Model/PositionContentModel.class.php 第 17 行.
SQL: SELECT * FROM `cms_position_content` WHERE `status` <> -1 AND `position_id` = 2 ORDER BY listorder desc , id desc  [ RunTime:0.0001s ]
INFO: [ view_parse ] --START--
INFO: [ template_filter ] --START--
INFO: Run Behavior\ContentReplaceBehavior [ RunTime:0.000046s ]
INFO: [ template_filter ] --END-- [ RunTime:0.000081s ]
NOTIC: [2048] Declaration of Common\Model\MenuModel::find() should be compatible with Think\Model::find($options = Array) /var/www/html/singcms/Application/Common/Model/MenuModel.class.php 第 0 行.
SQL: SHOW COLUMNS FROM `cms_menu` [ RunTime:0.0003s ]
SQL: SELECT * FROM `cms_menu` WHERE `status` <> -1 AND `type` = 1 ORDER BY listorder desc,menu_id desc  [ RunTime:0.0001s ]
NOTIC: [2] Illegal string offset 'c' /var/www/html/singcms/Application/Common/Common/function.php 第 33 行.
NOTIC: [2] Illegal string offset 'c' /var/www/html/singcms/Application/Common/Common/function.php 第 33 行.
NOTIC: [8] Undefined index: a /var/www/html/singcms/Application/Common/Common/function.php 第 23 行.
NOTIC: [2] Illegal string offset 'c' /var/www/html/singcms/Application/Common/Common/function.php 第 33 行.
NOTIC: [8] Undefined index: a /var/www/html/singcms/Application/Common/Common/function.php 第 23 行.
NOTIC: [2] Illegal string offset 'c' /var/www/html/singcms/Application/Common/Common/function.php 第 33 行.
NOTIC: [8] Undefined index: a /var/www/html/singcms/Application/Common/Common/function.php 第 23 行.
NOTIC: [2] Illegal string offset 'c' /var/www/html/singcms/Application/Common/Common/function.php 第 33 行.
NOTIC: [8] Undefined index: a /var/www/html/singcms/Application/Common/Common/function.php 第 23 行.
NOTIC: [2] Illegal string offset 'c' /var/www/html/singcms/Application/Common/Common/function.php 第 33 行.
NOTIC: [8] Undefined index: a /var/www/html/singcms/Application/Common/Common/function.php 第 23 行.
NOTIC: [2] Illegal string offset 'c' /var/www/html/singcms/Application/Common/Common/function.php 第 33 行.
NOTIC: [8] Undefined index: a /var/www/html/singcms/Application/Common/Common/function.php 第 23 行.
NOTIC: [8] Undefined variable: postitionId /var/www/html/singcms/Application/Runtime/Cache/Admin/b8a8b9d170e6c07d7b463ea02385894d.php 第 111 行.
NOTIC: [8] Undefined variable: postitionId /var/www/html/singcms/Application/Runtime/Cache/Admin/b8a8b9d170e6c07d7b463ea02385894d.php 第 111 行.
NOTIC: [8] Undefined variable: postitionId /var/www/html/singcms/Application/Runtime/Cache/Admin/b8a8b9d170e6c07d7b463ea02385894d.php 第 111 行.
NOTIC: [8] Undefined variable: title /var/www/html/singcms/Application/Runtime/Cache/Admin/b8a8b9d170e6c07d7b463ea02385894d.php 第 119 行.
NOTIC: [8] Undefined index: name /var/www/html/singcms/Application/Runtime/Cache/Admin/b8a8b9d170e6c07d7b463ea02385894d.php 第 147 行.
NOTIC: [8] Undefined index: name /var/www/html/singcms/Application/Runtime/Cache/Admin/b8a8b9d170e6c07d7b463ea02385894d.php 第 147 行.
NOTIC: [8] Undefined index: name /var/www/html/singcms/Application/Runtime/Cache/Admin/b8a8b9d170e6c07d7b463ea02385894d.php 第 147 行.
INFO: Run Behavior\ParseTemplateBehavior [ RunTime:0.006417s ]
INFO: [ view_parse ] --END-- [ RunTime:0.006448s ]
INFO: [ view_filter ] --START--
INFO: Run Behavior\WriteHtmlCacheBehavior [ RunTime:0.000029s ]
INFO: [ view_filter ] --END-- [ RunTime:0.000055s ]
INFO: [ app_end ] --START--
INFO: Run Behavior\ShowPageTraceBehavior [ RunTime:0.000030s ]
INFO: [ app_end ] --END-- [ RunTime:0.000062s ]

[ 2016-12-12T21:05:10+08:00 ] 125.120.40.70 /singcms/admin.php?c=admin
INFO: [ app_init ] --START--
INFO: Run Behavior\BuildLiteBehavior [ RunTime:0.000012s ]
INFO: [ app_init ] --END-- [ RunTime:0.000059s ]
INFO: [ app_begin ] --START--
INFO: Run Behavior\ReadHtmlCacheBehavior [ RunTime:0.000031s ]
INFO: [ app_begin ] --END-- [ RunTime:0.000062s ]
NOTIC: [2048] Declaration of Admin\Controller\AdminController::setStatus() should be compatible with Admin\Controller\CommonController::setStatus($data, $models) /var/www/html/singcms/Application/Admin/Controller/AdminController.class.php 第 9 行.
SQL: SHOW COLUMNS FROM `cms_admin` [ RunTime:0.0005s ]
SQL: SELECT * FROM `cms_admin` WHERE `status` <> -1 ORDER BY admin_id desc  [ RunTime:0.0001s ]
INFO: [ view_parse ] --START--
INFO: [ template_filter ] --START--
INFO: Run Behavior\ContentReplaceBehavior [ RunTime:0.000087s ]
INFO: [ template_filter ] --END-- [ RunTime:0.000124s ]
NOTIC: [2048] Declaration of Common\Model\MenuModel::find() should be compatible with Think\Model::find($options = Array) /var/www/html/singcms/Application/Common/Model/MenuModel.class.php 第 0 行.
SQL: SHOW COLUMNS FROM `cms_menu` [ RunTime:0.0004s ]
SQL: SELECT * FROM `cms_menu` WHERE `status` <> -1 AND `type` = 1 ORDER BY listorder desc,menu_id desc  [ RunTime:0.0001s ]
NOTIC: [2] Illegal string offset 'c' /var/www/html/singcms/Application/Common/Common/function.php 第 33 行.
NOTIC: [2] Illegal string offset 'c' /var/www/html/singcms/Application/Common/Common/function.php 第 33 行.
NOTIC: [8] Undefined index: a /var/www/html/singcms/Application/Common/Common/function.php 第 23 行.
NOTIC: [2] Illegal string offset 'c' /var/www/html/singcms/Application/Common/Common/function.php 第 33 行.
NOTIC: [8] Undefined index: a /var/www/html/singcms/Application/Common/Common/function.php 第 23 行.
NOTIC: [2] Illegal string offset 'c' /var/www/html/singcms/Application/Common/Common/function.php 第 33 行.
NOTIC: [8] Undefined index: a /var/www/html/singcms/Application/Common/Common/function.php 第 23 行.
NOTIC: [2] Illegal string offset 'c' /var/www/html/singcms/Application/Common/Common/function.php 第 33 行.
NOTIC: [8] Undefined index: a /var/www/html/singcms/Application/Common/Common/function.php 第 23 行.
NOTIC: [2] Illegal string offset 'c' /var/www/html/singcms/Application/Common/Common/function.php 第 33 行.
NOTIC: [8] Undefined index: a /var/www/html/singcms/Application/Common/Common/function.php 第 23 行.
NOTIC: [2] Illegal string offset 'c' /var/www/html/singcms/Application/Common/Common/function.php 第 33 行.
NOTIC: [8] Undefined index: a /var/www/html/singcms/Application/Common/Common/function.php 第 23 行.
NOTIC: [8] Array to string conversion /var/www/html/singcms/Application/Runtime/Cache/Admin/b682812e058c4f7cab74d08ab9eabe11.php 第 100 行.
INFO: Run Behavior\ParseTemplateBehavior [ RunTime:0.005709s ]
INFO: [ view_parse ] --END-- [ RunTime:0.005743s ]
INFO: [ view_filter ] --START--
INFO: Run Behavior\WriteHtmlCacheBehavior [ RunTime:0.000030s ]
INFO: [ view_filter ] --END-- [ RunTime:0.000057s ]
INFO: [ app_end ] --START--
INFO: Run Behavior\ShowPageTraceBehavior [ RunTime:0.000029s ]
INFO: [ app_end ] --END-- [ RunTime:0.000056s ]

[ 2016-12-12T21:05:14+08:00 ] 125.120.40.70 /singcms/admin.php?c=admin&a=setStatus
INFO: [ app_init ] --START--
INFO: Run Behavior\BuildLiteBehavior [ RunTime:0.000012s ]
INFO: [ app_init ] --END-- [ RunTime:0.000058s ]
INFO: [ app_begin ] --START--
INFO: Run Behavior\ReadHtmlCacheBehavior [ RunTime:0.000035s ]
INFO: [ app_begin ] --END-- [ RunTime:0.000105s ]
NOTIC: [2048] Declaration of Admin\Controller\AdminController::setStatus() should be compatible with Admin\Controller\CommonController::setStatus($data, $models) /var/www/html/singcms/Application/Admin/Controller/AdminController.class.php 第 9 行.
SQL: SHOW COLUMNS FROM `cms_admin` [ RunTime:0.0005s ]
SQL: UPDATE `cms_admin` SET `status`='-1' WHERE ( admin_id=4 ) [ RunTime:0.0002s ]
NOTIC: [2] Missing argument 3 for show(), called in /var/www/html/singcms/Application/Admin/Controller/CommonController.class.php on line 59 and defined /var/www/html/singcms/Application/Common/Common/function.php 第 4 行.
NOTIC: [8] Undefined variable: data /var/www/html/singcms/Application/Common/Common/function.php 第 8 行.

[ 2016-12-12T21:05:15+08:00 ] 125.120.40.70 /singcms/admin.php?c=admin
INFO: [ app_init ] --START--
INFO: Run Behavior\BuildLiteBehavior [ RunTime:0.000012s ]
INFO: [ app_init ] --END-- [ RunTime:0.000059s ]
INFO: [ app_begin ] --START--
INFO: Run Behavior\ReadHtmlCacheBehavior [ RunTime:0.000031s ]
INFO: [ app_begin ] --END-- [ RunTime:0.000061s ]
NOTIC: [2048] Declaration of Admin\Controller\AdminController::setStatus() should be compatible with Admin\Controller\CommonController::setStatus($data, $models) /var/www/html/singcms/Application/Admin/Controller/AdminController.class.php 第 9 行.
SQL: SHOW COLUMNS FROM `cms_admin` [ RunTime:0.0005s ]
SQL: SELECT * FROM `cms_admin` WHERE `status` <> -1 ORDER BY admin_id desc  [ RunTime:0.0002s ]
INFO: [ view_parse ] --START--
INFO: [ template_filter ] --START--
INFO: Run Behavior\ContentReplaceBehavior [ RunTime:0.000036s ]
INFO: [ template_filter ] --END-- [ RunTime:0.000070s ]
NOTIC: [2048] Declaration of Common\Model\MenuModel::find() should be compatible with Think\Model::find($options = Array) /var/www/html/singcms/Application/Common/Model/MenuModel.class.php 第 0 行.
SQL: SHOW COLUMNS FROM `cms_menu` [ RunTime:0.0004s ]
SQL: SELECT * FROM `cms_menu` WHERE `status` <> -1 AND `type` = 1 ORDER BY listorder desc,menu_id desc  [ RunTime:0.0001s ]
NOTIC: [2] Illegal string offset 'c' /var/www/html/singcms/Application/Common/Common/function.php 第 33 行.
NOTIC: [2] Illegal string offset 'c' /var/www/html/singcms/Application/Common/Common/function.php 第 33 行.
NOTIC: [8] Undefined index: a /var/www/html/singcms/Application/Common/Common/function.php 第 23 行.
NOTIC: [2] Illegal string offset 'c' /var/www/html/singcms/Application/Common/Common/function.php 第 33 行.
NOTIC: [8] Undefined index: a /var/www/html/singcms/Application/Common/Common/function.php 第 23 行.
NOTIC: [2] Illegal string offset 'c' /var/www/html/singcms/Application/Common/Common/function.php 第 33 行.
NOTIC: [8] Undefined index: a /var/www/html/singcms/Application/Common/Common/function.php 第 23 行.
NOTIC: [2] Illegal string offset 'c' /var/www/html/singcms/Application/Common/Common/function.php 第 33 行.
NOTIC: [8] Undefined index: a /var/www/html/singcms/Application/Common/Common/function.php 第 23 行.
NOTIC: [2] Illegal string offset 'c' /var/www/html/singcms/Application/Common/Common/function.php 第 33 行.
NOTIC: [8] Undefined index: a /var/www/html/singcms/Application/Common/Common/function.php 第 23 行.
NOTIC: [2] Illegal string offset 'c' /var/www/html/singcms/Application/Common/Common/function.php 第 33 行.
NOTIC: [8] Undefined index: a /var/www/html/singcms/Application/Common/Common/function.php 第 23 行.
NOTIC: [8] Array to string conversion /var/www/html/singcms/Application/Runtime/Cache/Admin/b682812e058c4f7cab74d08ab9eabe11.php 第 100 行.
INFO: Run Behavior\ParseTemplateBehavior [ RunTime:0.005594s ]
INFO: [ view_parse ] --END-- [ RunTime:0.005627s ]
INFO: [ view_filter ] --START--
INFO: Run Behavior\WriteHtmlCacheBehavior [ RunTime:0.000035s ]
INFO: [ view_filter ] --END-- [ RunTime:0.000062s ]
INFO: [ app_end ] --START--
INFO: Run Behavior\ShowPageTraceBehavior [ RunTime:0.000033s ]
INFO: [ app_end ] --END-- [ RunTime:0.000060s ]

[ 2016-12-12T21:05:17+08:00 ] 125.120.40.70 /singcms/admin.php?c=admin&a=setStatus
INFO: [ app_init ] --START--
INFO: Run Behavior\BuildLiteBehavior [ RunTime:0.000012s ]
INFO: [ app_init ] --END-- [ RunTime:0.000058s ]
INFO: [ app_begin ] --START--
INFO: Run Behavior\ReadHtmlCacheBehavior [ RunTime:0.000031s ]
INFO: [ app_begin ] --END-- [ RunTime:0.000060s ]
NOTIC: [2048] Declaration of Admin\Controller\AdminController::setStatus() should be compatible with Admin\Controller\CommonController::setStatus($data, $models) /var/www/html/singcms/Application/Admin/Controller/AdminController.class.php 第 9 行.
SQL: SHOW COLUMNS FROM `cms_admin` [ RunTime:0.0005s ]
SQL: UPDATE `cms_admin` SET `status`='-1' WHERE ( admin_id=1 ) [ RunTime:0.0002s ]
NOTIC: [2] Missing argument 3 for show(), called in /var/www/html/singcms/Application/Admin/Controller/CommonController.class.php on line 59 and defined /var/www/html/singcms/Application/Common/Common/function.php 第 4 行.
NOTIC: [8] Undefined variable: data /var/www/html/singcms/Application/Common/Common/function.php 第 8 行.

[ 2016-12-12T21:05:18+08:00 ] 125.120.40.70 /singcms/admin.php?c=admin
INFO: [ app_init ] --START--
INFO: Run Behavior\BuildLiteBehavior [ RunTime:0.000012s ]
INFO: [ app_init ] --END-- [ RunTime:0.000058s ]
INFO: [ app_begin ] --START--
INFO: Run Behavior\ReadHtmlCacheBehavior [ RunTime:0.000030s ]
INFO: [ app_begin ] --END-- [ RunTime:0.000061s ]
NOTIC: [2048] Declaration of Admin\Controller\AdminController::setStatus() should be compatible with Admin\Controller\CommonController::setStatus($data, $models) /var/www/html/singcms/Application/Admin/Controller/AdminController.class.php 第 9 行.
SQL: SHOW COLUMNS FROM `cms_admin` [ RunTime:0.0006s ]
SQL: SELECT * FROM `cms_admin` WHERE `status` <> -1 ORDER BY admin_id desc  [ RunTime:0.0002s ]
INFO: [ view_parse ] --START--
INFO: [ template_filter ] --START--
INFO: Run Behavior\ContentReplaceBehavior [ RunTime:0.000036s ]
INFO: [ template_filter ] --END-- [ RunTime:0.000072s ]
NOTIC: [2048] Declaration of Common\Model\MenuModel::find() should be compatible with Think\Model::find($options = Array) /var/www/html/singcms/Application/Common/Model/MenuModel.class.php 第 0 行.
SQL: SHOW COLUMNS FROM `cms_menu` [ RunTime:0.0004s ]
SQL: SELECT * FROM `cms_menu` WHERE `status` <> -1 AND `type` = 1 ORDER BY listorder desc,menu_id desc  [ RunTime:0.0001s ]
NOTIC: [2] Illegal string offset 'c' /var/www/html/singcms/Application/Common/Common/function.php 第 33 行.
NOTIC: [2] Illegal string offset 'c' /var/www/html/singcms/Application/Common/Common/function.php 第 33 行.
NOTIC: [8] Undefined index: a /var/www/html/singcms/Application/Common/Common/function.php 第 23 行.
NOTIC: [2] Illegal string offset 'c' /var/www/html/singcms/Application/Common/Common/function.php 第 33 行.
NOTIC: [8] Undefined index: a /var/www/html/singcms/Application/Common/Common/function.php 第 23 行.
NOTIC: [2] Illegal string offset 'c' /var/www/html/singcms/Application/Common/Common/function.php 第 33 行.
NOTIC: [8] Undefined index: a /var/www/html/singcms/Application/Common/Common/function.php 第 23 行.
NOTIC: [2] Illegal string offset 'c' /var/www/html/singcms/Application/Common/Common/function.php 第 33 行.
NOTIC: [8] Undefined index: a /var/www/html/singcms/Application/Common/Common/function.php 第 23 行.
NOTIC: [2] Illegal string offset 'c' /var/www/html/singcms/Application/Common/Common/function.php 第 33 行.
NOTIC: [8] Undefined index: a /var/www/html/singcms/Application/Common/Common/function.php 第 23 行.
NOTIC: [2] Illegal string offset 'c' /var/www/html/singcms/Application/Common/Common/function.php 第 33 行.
NOTIC: [8] Undefined index: a /var/www/html/singcms/Application/Common/Common/function.php 第 23 行.
NOTIC: [8] Array to string conversion /var/www/html/singcms/Application/Runtime/Cache/Admin/b682812e058c4f7cab74d08ab9eabe11.php 第 100 行.
INFO: Run Behavior\ParseTemplateBehavior [ RunTime:0.005621s ]
INFO: [ view_parse ] --END-- [ RunTime:0.005653s ]
INFO: [ view_filter ] --START--
INFO: Run Behavior\WriteHtmlCacheBehavior [ RunTime:0.000035s ]
INFO: [ view_filter ] --END-- [ RunTime:0.000062s ]
INFO: [ app_end ] --START--
INFO: Run Behavior\ShowPageTraceBehavior [ RunTime:0.000032s ]
INFO: [ app_end ] --END-- [ RunTime:0.000059s ]

[ 2016-12-12T21:05:20+08:00 ] 125.120.40.70 /singcms/admin.php?c=positioncontent
INFO: [ app_init ] --START--
INFO: Run Behavior\BuildLiteBehavior [ RunTime:0.000011s ]
INFO: [ app_init ] --END-- [ RunTime:0.000057s ]
INFO: [ app_begin ] --START--
INFO: Run Behavior\ReadHtmlCacheBehavior [ RunTime:0.000031s ]
INFO: [ app_begin ] --END-- [ RunTime:0.000062s ]
SQL: SHOW COLUMNS FROM `cms_position` [ RunTime:0.0049s ]
SQL: SELECT * FROM `cms_position` WHERE `status` = 1 ORDER BY id  [ RunTime:0.0001s ]
NOTIC: [8] Undefined index: title /var/www/html/singcms/Application/Admin/Controller/PositioncontentController.class.php 第 13 行.
NOTIC: [8] Undefined index: position_id /var/www/html/singcms/Application/Admin/Controller/PositioncontentController.class.php 第 17 行.
SQL: SHOW COLUMNS FROM `cms_position_content` [ RunTime:0.0003s ]
NOTIC: [8] Undefined index: title /var/www/html/singcms/Application/Common/Model/PositionContentModel.class.php 第 17 行.
SQL: SELECT * FROM `cms_position_content` WHERE `status` <> -1 AND `position_id` = 2 ORDER BY listorder desc , id desc  [ RunTime:0.0001s ]
INFO: [ view_parse ] --START--
INFO: [ template_filter ] --START--
INFO: Run Behavior\ContentReplaceBehavior [ RunTime:0.000049s ]
INFO: [ template_filter ] --END-- [ RunTime:0.000106s ]
NOTIC: [2048] Declaration of Common\Model\MenuModel::find() should be compatible with Think\Model::find($options = Array) /var/www/html/singcms/Application/Common/Model/MenuModel.class.php 第 0 行.
SQL: SHOW COLUMNS FROM `cms_menu` [ RunTime:0.0006s ]
SQL: SELECT * FROM `cms_menu` WHERE `status` <> -1 AND `type` = 1 ORDER BY listorder desc,menu_id desc  [ RunTime:0.0001s ]
NOTIC: [2] Illegal string offset 'c' /var/www/html/singcms/Application/Common/Common/function.php 第 33 行.
NOTIC: [2] Illegal string offset 'c' /var/www/html/singcms/Application/Common/Common/function.php 第 33 行.
NOTIC: [8] Undefined index: a /var/www/html/singcms/Application/Common/Common/function.php 第 23 行.
NOTIC: [2] Illegal string offset 'c' /var/www/html/singcms/Application/Common/Common/function.php 第 33 行.
NOTIC: [8] Undefined index: a /var/www/html/singcms/Application/Common/Common/function.php 第 23 行.
NOTIC: [2] Illegal string offset 'c' /var/www/html/singcms/Application/Common/Common/function.php 第 33 行.
NOTIC: [8] Undefined index: a /var/www/html/singcms/Application/Common/Common/function.php 第 23 行.
NOTIC: [2] Illegal string offset 'c' /var/www/html/singcms/Application/Common/Common/function.php 第 33 行.
NOTIC: [8] Undefined index: a /var/www/html/singcms/Application/Common/Common/function.php 第 23 行.
NOTIC: [2] Illegal string offset 'c' /var/www/html/singcms/Application/Common/Common/function.php 第 33 行.
NOTIC: [8] Undefined index: a /var/www/html/singcms/Application/Common/Common/function.php 第 23 行.
NOTIC: [2] Illegal string offset 'c' /var/www/html/singcms/Application/Common/Common/function.php 第 33 行.
NOTIC: [8] Undefined index: a /var/www/html/singcms/Application/Common/Common/function.php 第 23 行.
NOTIC: [8] Undefined variable: postitionId /var/www/html/singcms/Application/Runtime/Cache/Admin/b8a8b9d170e6c07d7b463ea02385894d.php 第 111 行.
NOTIC: [8] Undefined variable: postitionId /var/www/html/singcms/Application/Runtime/Cache/Admin/b8a8b9d170e6c07d7b463ea02385894d.php 第 111 行.
NOTIC: [8] Undefined variable: postitionId /var/www/html/singcms/Application/Runtime/Cache/Admin/b8a8b9d170e6c07d7b463ea02385894d.php 第 111 行.
NOTIC: [8] Undefined variable: title /var/www/html/singcms/Application/Runtime/Cache/Admin/b8a8b9d170e6c07d7b463ea02385894d.php 第 119 行.
NOTIC: [8] Undefined index: name /var/www/html/singcms/Application/Runtime/Cache/Admin/b8a8b9d170e6c07d7b463ea02385894d.php 第 147 行.
NOTIC: [8] Undefined index: name /var/www/html/singcms/Application/Runtime/Cache/Admin/b8a8b9d170e6c07d7b463ea02385894d.php 第 147 行.
NOTIC: [8] Undefined index: name /var/www/html/singcms/Application/Runtime/Cache/Admin/b8a8b9d170e6c07d7b463ea02385894d.php 第 147 行.
INFO: Run Behavior\ParseTemplateBehavior [ RunTime:0.007099s ]
INFO: [ view_parse ] --END-- [ RunTime:0.007132s ]
INFO: [ view_filter ] --START--
INFO: Run Behavior\WriteHtmlCacheBehavior [ RunTime:0.000031s ]
INFO: [ view_filter ] --END-- [ RunTime:0.000056s ]
INFO: [ app_end ] --START--
INFO: Run Behavior\ShowPageTraceBehavior [ RunTime:0.000030s ]
INFO: [ app_end ] --END-- [ RunTime:0.000060s ]

[ 2016-12-12T21:05:20+08:00 ] 125.120.40.70 /singcms/admin.php?c=position
INFO: [ app_init ] --START--
INFO: Run Behavior\BuildLiteBehavior [ RunTime:0.000011s ]
INFO: [ app_init ] --END-- [ RunTime:0.000058s ]
INFO: [ app_begin ] --START--
INFO: Run Behavior\ReadHtmlCacheBehavior [ RunTime:0.000033s ]
INFO: [ app_begin ] --END-- [ RunTime:0.000064s ]
NOTIC: [2048] Declaration of Admin\Controller\PositionController::setStatus() should be compatible with Admin\Controller\CommonController::setStatus($data, $models) /var/www/html/singcms/Application/Admin/Controller/PositionController.class.php 第 7 行.
SQL: SHOW COLUMNS FROM `cms_position` [ RunTime:0.0005s ]
SQL: SELECT * FROM `cms_position` WHERE `status` <> -1 ORDER BY id  [ RunTime:0.0002s ]
INFO: [ view_parse ] --START--
INFO: [ template_filter ] --START--
INFO: Run Behavior\ContentReplaceBehavior [ RunTime:0.000038s ]
INFO: [ template_filter ] --END-- [ RunTime:0.000072s ]
NOTIC: [2048] Declaration of Common\Model\MenuModel::find() should be compatible with Think\Model::find($options = Array) /var/www/html/singcms/Application/Common/Model/MenuModel.class.php 第 0 行.
SQL: SHOW COLUMNS FROM `cms_menu` [ RunTime:0.0003s ]
SQL: SELECT * FROM `cms_menu` WHERE `status` <> -1 AND `type` = 1 ORDER BY listorder desc,menu_id desc  [ RunTime:0.0001s ]
NOTIC: [2] Illegal string offset 'c' /var/www/html/singcms/Application/Common/Common/function.php 第 33 行.
NOTIC: [2] Illegal string offset 'c' /var/www/html/singcms/Application/Common/Common/function.php 第 33 行.
NOTIC: [8] Undefined index: a /var/www/html/singcms/Application/Common/Common/function.php 第 23 行.
NOTIC: [2] Illegal string offset 'c' /var/www/html/singcms/Application/Common/Common/function.php 第 33 行.
NOTIC: [8] Undefined index: a /var/www/html/singcms/Application/Common/Common/function.php 第 23 行.
NOTIC: [2] Illegal string offset 'c' /var/www/html/singcms/Application/Common/Common/function.php 第 33 行.
NOTIC: [8] Undefined index: a /var/www/html/singcms/Application/Common/Common/function.php 第 23 行.
NOTIC: [2] Illegal string offset 'c' /var/www/html/singcms/Application/Common/Common/function.php 第 33 行.
NOTIC: [8] Undefined index: a /var/www/html/singcms/Application/Common/Common/function.php 第 23 行.
NOTIC: [2] Illegal string offset 'c' /var/www/html/singcms/Application/Common/Common/function.php 第 33 行.
NOTIC: [8] Undefined index: a /var/www/html/singcms/Application/Common/Common/function.php 第 23 行.
NOTIC: [2] Illegal string offset 'c' /var/www/html/singcms/Application/Common/Common/function.php 第 33 行.
NOTIC: [8] Undefined index: a /var/www/html/singcms/Application/Common/Common/function.php 第 23 行.
NOTIC: [8] Array to string conversion /var/www/html/singcms/Application/Runtime/Cache/Admin/3a437f75b5b60a521a3ad0fc93a5ab5f.php 第 95 行.
INFO: Run Behavior\ParseTemplateBehavior [ RunTime:0.005369s ]
INFO: [ view_parse ] --END-- [ RunTime:0.005401s ]
INFO: [ view_filter ] --START--
INFO: Run Behavior\WriteHtmlCacheBehavior [ RunTime:0.000034s ]
INFO: [ view_filter ] --END-- [ RunTime:0.000061s ]
INFO: [ app_end ] --START--
INFO: Run Behavior\ShowPageTraceBehavior [ RunTime:0.000032s ]
INFO: [ app_end ] --END-- [ RunTime:0.000059s ]

[ 2016-12-12T21:05:23+08:00 ] 125.120.40.70 /singcms/admin.php?c=position&a=edit&id=2
INFO: [ app_init ] --START--
INFO: Run Behavior\BuildLiteBehavior [ RunTime:0.000016s ]
INFO: [ app_init ] --END-- [ RunTime:0.000086s ]
INFO: [ app_begin ] --START--
INFO: Run Behavior\ReadHtmlCacheBehavior [ RunTime:0.000049s ]
INFO: [ app_begin ] --END-- [ RunTime:0.000081s ]
NOTIC: [2048] Declaration of Admin\Controller\PositionController::setStatus() should be compatible with Admin\Controller\CommonController::setStatus($data, $models) /var/www/html/singcms/Application/Admin/Controller/PositionController.class.php 第 7 行.
SQL: SHOW COLUMNS FROM `cms_position` [ RunTime:0.0005s ]

[ 2016-12-12T21:05:24+08:00 ] 125.120.40.70 /singcms/admin.php?c=position&a=edit&id=2
INFO: [ app_init ] --START--
INFO: Run Behavior\BuildLiteBehavior [ RunTime:0.000012s ]
INFO: [ app_init ] --END-- [ RunTime:0.000057s ]
INFO: [ app_begin ] --START--
INFO: Run Behavior\ReadHtmlCacheBehavior [ RunTime:0.000029s ]
INFO: [ app_begin ] --END-- [ RunTime:0.000060s ]
NOTIC: [2048] Declaration of Admin\Controller\PositionController::setStatus() should be compatible with Admin\Controller\CommonController::setStatus($data, $models) /var/www/html/singcms/Application/Admin/Controller/PositionController.class.php 第 7 行.
SQL: SHOW COLUMNS FROM `cms_position` [ RunTime:0.0006s ]

[ 2016-12-12T21:05:28+08:00 ] 125.120.40.70 /singcms/admin.php?c=position&a=setStatus
INFO: [ app_init ] --START--
INFO: Run Behavior\BuildLiteBehavior [ RunTime:0.000015s ]
INFO: [ app_init ] --END-- [ RunTime:0.000081s ]
INFO: [ app_begin ] --START--
INFO: Run Behavior\ReadHtmlCacheBehavior [ RunTime:0.000044s ]
INFO: [ app_begin ] --END-- [ RunTime:0.000075s ]
NOTIC: [2048] Declaration of Admin\Controller\PositionController::setStatus() should be compatible with Admin\Controller\CommonController::setStatus($data, $models) /var/www/html/singcms/Application/Admin/Controller/PositionController.class.php 第 7 行.
SQL: SHOW COLUMNS FROM `cms_position` [ RunTime:0.0006s ]
SQL: UPDATE `cms_position` SET `status`='-1' WHERE ( id=3 ) [ RunTime:0.0002s ]
NOTIC: [2] Missing argument 3 for show(), called in /var/www/html/singcms/Application/Admin/Controller/PositionController.class.php on line 84 and defined /var/www/html/singcms/Application/Common/Common/function.php 第 4 行.
NOTIC: [8] Undefined variable: data /var/www/html/singcms/Application/Common/Common/function.php 第 8 行.

[ 2016-12-12T21:05:29+08:00 ] 125.120.40.70 /singcms/admin.php?c=position
INFO: [ app_init ] --START--
INFO: Run Behavior\BuildLiteBehavior [ RunTime:0.000012s ]
INFO: [ app_init ] --END-- [ RunTime:0.000060s ]
INFO: [ app_begin ] --START--
INFO: Run Behavior\ReadHtmlCacheBehavior [ RunTime:0.000033s ]
INFO: [ app_begin ] --END-- [ RunTime:0.000066s ]
NOTIC: [2048] Declaration of Admin\Controller\PositionController::setStatus() should be compatible with Admin\Controller\CommonController::setStatus($data, $models) /var/www/html/singcms/Application/Admin/Controller/PositionController.class.php 第 7 行.
SQL: SHOW COLUMNS FROM `cms_position` [ RunTime:0.0005s ]
SQL: SELECT * FROM `cms_position` WHERE `status` <> -1 ORDER BY id  [ RunTime:0.0005s ]
INFO: [ view_parse ] --START--
INFO: [ template_filter ] --START--
INFO: Run Behavior\ContentReplaceBehavior [ RunTime:0.000042s ]
INFO: [ template_filter ] --END-- [ RunTime:0.000076s ]
NOTIC: [2048] Declaration of Common\Model\MenuModel::find() should be compatible with Think\Model::find($options = Array) /var/www/html/singcms/Application/Common/Model/MenuModel.class.php 第 0 行.
SQL: SHOW COLUMNS FROM `cms_menu` [ RunTime:0.0004s ]
SQL: SELECT * FROM `cms_menu` WHERE `status` <> -1 AND `type` = 1 ORDER BY listorder desc,menu_id desc  [ RunTime:0.0001s ]
NOTIC: [2] Illegal string offset 'c' /var/www/html/singcms/Application/Common/Common/function.php 第 33 行.
NOTIC: [2] Illegal string offset 'c' /var/www/html/singcms/Application/Common/Common/function.php 第 33 行.
NOTIC: [8] Undefined index: a /var/www/html/singcms/Application/Common/Common/function.php 第 23 行.
NOTIC: [2] Illegal string offset 'c' /var/www/html/singcms/Application/Common/Common/function.php 第 33 行.
NOTIC: [8] Undefined index: a /var/www/html/singcms/Application/Common/Common/function.php 第 23 行.
NOTIC: [2] Illegal string offset 'c' /var/www/html/singcms/Application/Common/Common/function.php 第 33 行.
NOTIC: [8] Undefined index: a /var/www/html/singcms/Application/Common/Common/function.php 第 23 行.
NOTIC: [2] Illegal string offset 'c' /var/www/html/singcms/Application/Common/Common/function.php 第 33 行.
NOTIC: [8] Undefined index: a /var/www/html/singcms/Application/Common/Common/function.php 第 23 行.
NOTIC: [2] Illegal string offset 'c' /var/www/html/singcms/Application/Common/Common/function.php 第 33 行.
NOTIC: [8] Undefined index: a /var/www/html/singcms/Application/Common/Common/function.php 第 23 行.
NOTIC: [2] Illegal string offset 'c' /var/www/html/singcms/Application/Common/Common/function.php 第 33 行.
NOTIC: [8] Undefined index: a /var/www/html/singcms/Application/Common/Common/function.php 第 23 行.
NOTIC: [8] Array to string conversion /var/www/html/singcms/Application/Runtime/Cache/Admin/3a437f75b5b60a521a3ad0fc93a5ab5f.php 第 95 行.
INFO: Run Behavior\ParseTemplateBehavior [ RunTime:0.006882s ]
INFO: [ view_parse ] --END-- [ RunTime:0.006921s ]
INFO: [ view_filter ] --START--
INFO: Run Behavior\WriteHtmlCacheBehavior [ RunTime:0.000039s ]
INFO: [ view_filter ] --END-- [ RunTime:0.000066s ]
INFO: [ app_end ] --START--
INFO: Run Behavior\ShowPageTraceBehavior [ RunTime:0.000046s ]
INFO: [ app_end ] --END-- [ RunTime:0.000073s ]

[ 2016-12-12T21:05:30+08:00 ] 125.120.40.70 /singcms/admin.php?c=position
INFO: [ app_init ] --START--
INFO: Run Behavior\BuildLiteBehavior [ RunTime:0.000011s ]
INFO: [ app_init ] --END-- [ RunTime:0.000058s ]
INFO: [ app_begin ] --START--
INFO: Run Behavior\ReadHtmlCacheBehavior [ RunTime:0.000031s ]
INFO: [ app_begin ] --END-- [ RunTime:0.000061s ]
NOTIC: [2048] Declaration of Admin\Controller\PositionController::setStatus() should be compatible with Admin\Controller\CommonController::setStatus($data, $models) /var/www/html/singcms/Application/Admin/Controller/PositionController.class.php 第 7 行.
SQL: SHOW COLUMNS FROM `cms_position` [ RunTime:0.0005s ]
SQL: SELECT * FROM `cms_position` WHERE `status` <> -1 ORDER BY id  [ RunTime:0.0001s ]
INFO: [ view_parse ] --START--
INFO: [ template_filter ] --START--
INFO: Run Behavior\ContentReplaceBehavior [ RunTime:0.000037s ]
INFO: [ template_filter ] --END-- [ RunTime:0.000069s ]
NOTIC: [2048] Declaration of Common\Model\MenuModel::find() should be compatible with Think\Model::find($options = Array) /var/www/html/singcms/Application/Common/Model/MenuModel.class.php 第 0 行.
SQL: SHOW COLUMNS FROM `cms_menu` [ RunTime:0.0003s ]
SQL: SELECT * FROM `cms_menu` WHERE `status` <> -1 AND `type` = 1 ORDER BY listorder desc,menu_id desc  [ RunTime:0.0001s ]
NOTIC: [2] Illegal string offset 'c' /var/www/html/singcms/Application/Common/Common/function.php 第 33 行.
NOTIC: [2] Illegal string offset 'c' /var/www/html/singcms/Application/Common/Common/function.php 第 33 行.
NOTIC: [8] Undefined index: a /var/www/html/singcms/Application/Common/Common/function.php 第 23 行.
NOTIC: [2] Illegal string offset 'c' /var/www/html/singcms/Application/Common/Common/function.php 第 33 行.
NOTIC: [8] Undefined index: a /var/www/html/singcms/Application/Common/Common/function.php 第 23 行.
NOTIC: [2] Illegal string offset 'c' /var/www/html/singcms/Application/Common/Common/function.php 第 33 行.
NOTIC: [8] Undefined index: a /var/www/html/singcms/Application/Common/Common/function.php 第 23 行.
NOTIC: [2] Illegal string offset 'c' /var/www/html/singcms/Application/Common/Common/function.php 第 33 行.
NOTIC: [8] Undefined index: a /var/www/html/singcms/Application/Common/Common/function.php 第 23 行.
NOTIC: [2] Illegal string offset 'c' /var/www/html/singcms/Application/Common/Common/function.php 第 33 行.
NOTIC: [8] Undefined index: a /var/www/html/singcms/Application/Common/Common/function.php 第 23 行.
NOTIC: [2] Illegal string offset 'c' /var/www/html/singcms/Application/Common/Common/function.php 第 33 行.
NOTIC: [8] Undefined index: a /var/www/html/singcms/Application/Common/Common/function.php 第 23 行.
NOTIC: [8] Array to string conversion /var/www/html/singcms/Application/Runtime/Cache/Admin/3a437f75b5b60a521a3ad0fc93a5ab5f.php 第 95 行.
INFO: Run Behavior\ParseTemplateBehavior [ RunTime:0.005387s ]
INFO: [ view_parse ] --END-- [ RunTime:0.005419s ]
INFO: [ view_filter ] --START--
INFO: Run Behavior\WriteHtmlCacheBehavior [ RunTime:0.000029s ]
INFO: [ view_filter ] --END-- [ RunTime:0.000055s ]
INFO: [ app_end ] --START--
INFO: Run Behavior\ShowPageTraceBehavior [ RunTime:0.000027s ]
INFO: [ app_end ] --END-- [ RunTime:0.000054s ]

[ 2016-12-12T21:05:32+08:00 ] 125.120.40.70 /singcms/admin.php?c=positioncontent
INFO: [ app_init ] --START--
INFO: Run Behavior\BuildLiteBehavior [ RunTime:0.000011s ]
INFO: [ app_init ] --END-- [ RunTime:0.000058s ]
INFO: [ app_begin ] --START--
INFO: Run Behavior\ReadHtmlCacheBehavior [ RunTime:0.000032s ]
INFO: [ app_begin ] --END-- [ RunTime:0.000064s ]
SQL: SHOW COLUMNS FROM `cms_position` [ RunTime:0.0005s ]
SQL: SELECT * FROM `cms_position` WHERE `status` = 1 ORDER BY id  [ RunTime:0.0002s ]
NOTIC: [8] Undefined index: title /var/www/html/singcms/Application/Admin/Controller/PositioncontentController.class.php 第 13 行.
NOTIC: [8] Undefined index: position_id /var/www/html/singcms/Application/Admin/Controller/PositioncontentController.class.php 第 17 行.
SQL: SHOW COLUMNS FROM `cms_position_content` [ RunTime:0.0003s ]
NOTIC: [8] Undefined index: title /var/www/html/singcms/Application/Common/Model/PositionContentModel.class.php 第 17 行.
SQL: SELECT * FROM `cms_position_content` WHERE `status` <> -1 AND `position_id` = 2 ORDER BY listorder desc , id desc  [ RunTime:0.0001s ]
INFO: [ view_parse ] --START--
INFO: [ template_filter ] --START--
INFO: Run Behavior\ContentReplaceBehavior [ RunTime:0.000046s ]
INFO: [ template_filter ] --END-- [ RunTime:0.000092s ]
NOTIC: [2048] Declaration of Common\Model\MenuModel::find() should be compatible with Think\Model::find($options = Array) /var/www/html/singcms/Application/Common/Model/MenuModel.class.php 第 0 行.
SQL: SHOW COLUMNS FROM `cms_menu` [ RunTime:0.0004s ]
SQL: SELECT * FROM `cms_menu` WHERE `status` <> -1 AND `type` = 1 ORDER BY listorder desc,menu_id desc  [ RunTime:0.0001s ]
NOTIC: [2] Illegal string offset 'c' /var/www/html/singcms/Application/Common/Common/function.php 第 33 行.
NOTIC: [2] Illegal string offset 'c' /var/www/html/singcms/Application/Common/Common/function.php 第 33 行.
NOTIC: [8] Undefined index: a /var/www/html/singcms/Application/Common/Common/function.php 第 23 行.
NOTIC: [2] Illegal string offset 'c' /var/www/html/singcms/Application/Common/Common/function.php 第 33 行.
NOTIC: [8] Undefined index: a /var/www/html/singcms/Application/Common/Common/function.php 第 23 行.
NOTIC: [2] Illegal string offset 'c' /var/www/html/singcms/Application/Common/Common/function.php 第 33 行.
NOTIC: [8] Undefined index: a /var/www/html/singcms/Application/Common/Common/function.php 第 23 行.
NOTIC: [2] Illegal string offset 'c' /var/www/html/singcms/Application/Common/Common/function.php 第 33 行.
NOTIC: [8] Undefined index: a /var/www/html/singcms/Application/Common/Common/function.php 第 23 行.
NOTIC: [2] Illegal string offset 'c' /var/www/html/singcms/Application/Common/Common/function.php 第 33 行.
NOTIC: [8] Undefined index: a /var/www/html/singcms/Application/Common/Common/function.php 第 23 行.
NOTIC: [2] Illegal string offset 'c' /var/www/html/singcms/Application/Common/Common/function.php 第 33 行.
NOTIC: [8] Undefined index: a /var/www/html/singcms/Application/Common/Common/function.php 第 23 行.
NOTIC: [8] Undefined variable: postitionId /var/www/html/singcms/Application/Runtime/Cache/Admin/b8a8b9d170e6c07d7b463ea02385894d.php 第 111 行.
NOTIC: [8] Undefined variable: postitionId /var/www/html/singcms/Application/Runtime/Cache/Admin/b8a8b9d170e6c07d7b463ea02385894d.php 第 111 行.
NOTIC: [8] Undefined variable: title /var/www/html/singcms/Application/Runtime/Cache/Admin/b8a8b9d170e6c07d7b463ea02385894d.php 第 119 行.
NOTIC: [8] Undefined index: name /var/www/html/singcms/Application/Runtime/Cache/Admin/b8a8b9d170e6c07d7b463ea02385894d.php 第 147 行.
NOTIC: [8] Undefined index: name /var/www/html/singcms/Application/Runtime/Cache/Admin/b8a8b9d170e6c07d7b463ea02385894d.php 第 147 行.
NOTIC: [8] Undefined index: name /var/www/html/singcms/Application/Runtime/Cache/Admin/b8a8b9d170e6c07d7b463ea02385894d.php 第 147 行.
INFO: Run Behavior\ParseTemplateBehavior [ RunTime:0.006569s ]
INFO: [ view_parse ] --END-- [ RunTime:0.006600s ]
INFO: [ view_filter ] --START--
INFO: Run Behavior\WriteHtmlCacheBehavior [ RunTime:0.000034s ]
INFO: [ view_filter ] --END-- [ RunTime:0.000059s ]
INFO: [ app_end ] --START--
INFO: Run Behavior\ShowPageTraceBehavior [ RunTime:0.000035s ]
INFO: [ app_end ] --END-- [ RunTime:0.000066s ]

[ 2016-12-12T21:05:34+08:00 ] 125.120.40.70 /singcms/admin.php?c=positioncontent&a=edit&id=
INFO: [ app_init ] --START--
INFO: Run Behavior\BuildLiteBehavior [ RunTime:0.000012s ]
INFO: [ app_init ] --END-- [ RunTime:0.000059s ]
INFO: [ app_begin ] --START--
INFO: Run Behavior\ReadHtmlCacheBehavior [ RunTime:0.000045s ]
INFO: [ app_begin ] --END-- [ RunTime:0.000087s ]
ERR: 非法操作:edit

[ 2016-12-12T21:05:37+08:00 ] 125.120.40.70 /singcms/admin.php?c=content
INFO: [ app_init ] --START--
INFO: Run Behavior\BuildLiteBehavior [ RunTime:0.000012s ]
INFO: [ app_init ] --END-- [ RunTime:0.000057s ]
INFO: [ app_begin ] --START--
INFO: Run Behavior\ReadHtmlCacheBehavior [ RunTime:0.000034s ]
INFO: [ app_begin ] --END-- [ RunTime:0.000064s ]
NOTIC: [2048] Declaration of Admin\Controller\ContentController::setStatus() should be compatible with Admin\Controller\CommonController::setStatus($data, $models) /var/www/html/singcms/Application/Admin/Controller/ContentController.class.php 第 9 行.
NOTIC: [2048] Declaration of Admin\Controller\ContentController::listorder() should be compatible with Admin\Controller\CommonController::listorder($model = '') /var/www/html/singcms/Application/Admin/Controller/ContentController.class.php 第 9 行.
NOTIC: [8] Undefined index: title /var/www/html/singcms/Application/Admin/Controller/ContentController.class.php 第 12 行.
NOTIC: [8] Undefined index: catid /var/www/html/singcms/Application/Admin/Controller/ContentController.class.php 第 16 行.
NOTIC: [8] Undefined index: p /var/www/html/singcms/Application/Admin/Controller/ContentController.class.php 第 20 行.
NOTIC: [2048] Declaration of Common\Model\NewsModel::find() should be compatible with Think\Model::find($options = Array) /var/www/html/singcms/Application/Common/Model/NewsModel.class.php 第 5 行.
SQL: SHOW COLUMNS FROM `cms_news` [ RunTime:0.0006s ]
SQL: SELECT * FROM `cms_news` WHERE `status` <> -1 ORDER BY listorder desc,news_id desc LIMIT 0,2   [ RunTime:0.0001s ]
SQL: SELECT COUNT(*) AS tp_count FROM `cms_news` WHERE `status` <> -1 LIMIT 1   [ RunTime:0.0001s ]
SQL: SHOW COLUMNS FROM `cms_position` [ RunTime:0.0004s ]
SQL: SELECT * FROM `cms_position` WHERE `status` = 1 ORDER BY id  [ RunTime:0.0001s ]
NOTIC: [8] Undefined variable: conut /var/www/html/singcms/Application/Admin/Controller/ContentController.class.php 第 28 行.
NOTIC: [2048] Declaration of Common\Model\MenuModel::find() should be compatible with Think\Model::find($options = Array) /var/www/html/singcms/Application/Common/Model/MenuModel.class.php 第 0 行.
SQL: SHOW COLUMNS FROM `cms_menu` [ RunTime:0.0005s ]
SQL: SELECT * FROM `cms_menu` WHERE `status` = 1 AND `type` = 0 ORDER BY listorder desc,menu_id desc  [ RunTime:0.0001s ]
INFO: [ view_parse ] --START--
INFO: [ template_filter ] --START--
INFO: Run Behavior\ContentReplaceBehavior [ RunTime:0.000051s ]
INFO: [ template_filter ] --END-- [ RunTime:0.000098s ]
SQL: SELECT * FROM `cms_menu` WHERE `status` <> -1 AND `type` = 1 ORDER BY listorder desc,menu_id desc  [ RunTime:0.0001s ]
NOTIC: [2] Illegal string offset 'c' /var/www/html/singcms/Application/Common/Common/function.php 第 33 行.
NOTIC: [2] Illegal string offset 'c' /var/www/html/singcms/Application/Common/Common/function.php 第 33 行.
NOTIC: [8] Undefined index: a /var/www/html/singcms/Application/Common/Common/function.php 第 23 行.
NOTIC: [2] Illegal string offset 'c' /var/www/html/singcms/Application/Common/Common/function.php 第 33 行.
NOTIC: [8] Undefined index: a /var/www/html/singcms/Application/Common/Common/function.php 第 23 行.
NOTIC: [2] Illegal string offset 'c' /var/www/html/singcms/Application/Common/Common/function.php 第 33 行.
NOTIC: [8] Undefined index: a /var/www/html/singcms/Application/Common/Common/function.php 第 23 行.
NOTIC: [2] Illegal string offset 'c' /var/www/html/singcms/Application/Common/Common/function.php 第 33 行.
NOTIC: [8] Undefined index: a /var/www/html/singcms/Application/Common/Common/function.php 第 23 行.
NOTIC: [2] Illegal string offset 'c' /var/www/html/singcms/Application/Common/Common/function.php 第 33 行.
NOTIC: [8] Undefined index: a /var/www/html/singcms/Application/Common/Common/function.php 第 23 行.
NOTIC: [2] Illegal string offset 'c' /var/www/html/singcms/Application/Common/Common/function.php 第 33 行.
NOTIC: [8] Undefined index: a /var/www/html/singcms/Application/Common/Common/function.php 第 23 行.
NOTIC: [8] Undefined index: thmub /var/www/html/singcms/Application/Runtime/Cache/Admin/ccc9ced3ad798311a07cb47b740981c5.php 第 158 行.
NOTIC: [8] Undefined index: thmub /var/www/html/singcms/Application/Runtime/Cache/Admin/ccc9ced3ad798311a07cb47b740981c5.php 第 158 行.
INFO: Run Behavior\ParseTemplateBehavior [ RunTime:0.007408s ]
INFO: [ view_parse ] --END-- [ RunTime:0.007482s ]
INFO: [ view_filter ] --START--
INFO: Run Behavior\WriteHtmlCacheBehavior [ RunTime:0.000041s ]
INFO: [ view_filter ] --END-- [ RunTime:0.000071s ]
INFO: [ app_end ] --START--
INFO: Run Behavior\ShowPageTraceBehavior [ RunTime:0.000037s ]
INFO: [ app_end ] --END-- [ RunTime:0.000068s ]

[ 2016-12-12T21:05:39+08:00 ] 125.120.40.70 /singcms/admin.php?c=menu
INFO: [ app_init ] --START--
INFO: Run Behavior\BuildLiteBehavior [ RunTime:0.000012s ]
INFO: [ app_init ] --END-- [ RunTime:0.000057s ]
INFO: [ app_begin ] --START--
INFO: Run Behavior\ReadHtmlCacheBehavior [ RunTime:0.000058s ]
INFO: [ app_begin ] --END-- [ RunTime:0.000090s ]
NOTIC: [8] Undefined index: p /var/www/html/singcms/Application/Admin/Controller/MenuController.class.php 第 48 行.
NOTIC: [8] Undefined index: pageSize /var/www/html/singcms/Application/Admin/Controller/MenuController.class.php 第 49 行.
NOTIC: [2048] Declaration of Common\Model\MenuModel::find() should be compatible with Think\Model::find($options = Array) /var/www/html/singcms/Application/Common/Model/MenuModel.class.php 第 5 行.
SQL: SHOW COLUMNS FROM `cms_menu` [ RunTime:0.0005s ]
SQL: SELECT * FROM `cms_menu` WHERE `status` <> -1 ORDER BY listorder desc,menu_id desc LIMIT 0,3   [ RunTime:0.0001s ]
SQL: SELECT COUNT(*) AS tp_count FROM `cms_menu` WHERE `status` <> -1 LIMIT 1   [ RunTime:0.0001s ]
INFO: [ view_parse ] --START--
INFO: [ template_filter ] --START--
INFO: Run Behavior\ContentReplaceBehavior [ RunTime:0.000038s ]
INFO: [ template_filter ] --END-- [ RunTime:0.000072s ]
SQL: SELECT * FROM `cms_menu` WHERE `status` <> -1 AND `type` = 1 ORDER BY listorder desc,menu_id desc  [ RunTime:0.0001s ]
NOTIC: [2] Illegal string offset 'c' /var/www/html/singcms/Application/Common/Common/function.php 第 33 行.
NOTIC: [2] Illegal string offset 'c' /var/www/html/singcms/Application/Common/Common/function.php 第 33 行.
NOTIC: [8] Undefined index: a /var/www/html/singcms/Application/Common/Common/function.php 第 23 行.
NOTIC: [2] Illegal string offset 'c' /var/www/html/singcms/Application/Common/Common/function.php 第 33 行.
NOTIC: [8] Undefined index: a /var/www/html/singcms/Application/Common/Common/function.php 第 23 行.
NOTIC: [2] Illegal string offset 'c' /var/www/html/singcms/Application/Common/Common/function.php 第 33 行.
NOTIC: [8] Undefined index: a /var/www/html/singcms/Application/Common/Common/function.php 第 23 行.
NOTIC: [2] Illegal string offset 'c' /var/www/html/singcms/Application/Common/Common/function.php 第 33 行.
NOTIC: [8] Undefined index: a /var/www/html/singcms/Application/Common/Common/function.php 第 23 行.
NOTIC: [2] Illegal string offset 'c' /var/www/html/singcms/Application/Common/Common/function.php 第 33 行.
NOTIC: [8] Undefined index: a /var/www/html/singcms/Application/Common/Common/function.php 第 23 行.
NOTIC: [2] Illegal string offset 'c' /var/www/html/singcms/Application/Common/Common/function.php 第 33 行.
NOTIC: [8] Undefined index: a /var/www/html/singcms/Application/Common/Common/function.php 第 23 行.
NOTIC: [8] Array to string conversion /var/www/html/singcms/Application/Runtime/Cache/Admin/b956215329b6f9aca22277599a4efdfc.php 第 100 行.
INFO: Run Behavior\ParseTemplateBehavior [ RunTime:0.005332s ]
INFO: [ view_parse ] --END-- [ RunTime:0.005364s ]
INFO: [ view_filter ] --START--
INFO: Run Behavior\WriteHtmlCacheBehavior [ RunTime:0.000029s ]
INFO: [ view_filter ] --END-- [ RunTime:0.000055s ]
INFO: [ app_end ] --START--
INFO: Run Behavior\ShowPageTraceBehavior [ RunTime:0.000030s ]
INFO: [ app_end ] --END-- [ RunTime:0.000060s ]

[ 2016-12-12T21:05:39+08:00 ] 125.120.40.70 /singcms/admin.php?c=index
INFO: [ app_init ] --START--
INFO: Run Behavior\BuildLiteBehavior [ RunTime:0.000012s ]
INFO: [ app_init ] --END-- [ RunTime:0.000056s ]
INFO: [ app_begin ] --START--
INFO: Run Behavior\ReadHtmlCacheBehavior [ RunTime:0.000030s ]
INFO: [ app_begin ] --END-- [ RunTime:0.000059s ]
INFO: [ view_parse ] --START--
INFO: [ template_filter ] --START--
INFO: Run Behavior\ContentReplaceBehavior [ RunTime:0.000035s ]
INFO: [ template_filter ] --END-- [ RunTime:0.000067s ]
NOTIC: [2048] Declaration of Common\Model\MenuModel::find() should be compatible with Think\Model::find($options = Array) /var/www/html/singcms/Application/Common/Model/MenuModel.class.php 第 5 行.
SQL: SHOW COLUMNS FROM `cms_menu` [ RunTime:0.0005s ]
SQL: SELECT * FROM `cms_menu` WHERE `status` <> -1 AND `type` = 1 ORDER BY listorder desc,menu_id desc  [ RunTime:0.0001s ]
NOTIC: [2] Illegal string offset 'c' /var/www/html/singcms/Application/Common/Common/function.php 第 33 行.
NOTIC: [2] Illegal string offset 'c' /var/www/html/singcms/Application/Common/Common/function.php 第 33 行.
NOTIC: [8] Undefined index: a /var/www/html/singcms/Application/Common/Common/function.php 第 23 行.
NOTIC: [2] Illegal string offset 'c' /var/www/html/singcms/Application/Common/Common/function.php 第 33 行.
NOTIC: [8] Undefined index: a /var/www/html/singcms/Application/Common/Common/function.php 第 23 行.
NOTIC: [2] Illegal string offset 'c' /var/www/html/singcms/Application/Common/Common/function.php 第 33 行.
NOTIC: [8] Undefined index: a /var/www/html/singcms/Application/Common/Common/function.php 第 23 行.
NOTIC: [2] Illegal string offset 'c' /var/www/html/singcms/Application/Common/Common/function.php 第 33 行.
NOTIC: [8] Undefined index: a /var/www/html/singcms/Application/Common/Common/function.php 第 23 行.
NOTIC: [2] Illegal string offset 'c' /var/www/html/singcms/Application/Common/Common/function.php 第 33 行.
NOTIC: [8] Undefined index: a /var/www/html/singcms/Application/Common/Common/function.php 第 23 行.
NOTIC: [2] Illegal string offset 'c' /var/www/html/singcms/Application/Common/Common/function.php 第 33 行.
NOTIC: [8] Undefined index: a /var/www/html/singcms/Application/Common/Common/function.php 第 23 行.
INFO: Run Behavior\ParseTemplateBehavior [ RunTime:0.005640s ]
INFO: [ view_parse ] --END-- [ RunTime:0.005673s ]
INFO: [ view_filter ] --START--
INFO: Run Behavior\WriteHtmlCacheBehavior [ RunTime:0.000029s ]
INFO: [ view_filter ] --END-- [ RunTime:0.000054s ]
INFO: [ app_end ] --START--
INFO: Run Behavior\ShowPageTraceBehavior [ RunTime:0.000029s ]
INFO: [ app_end ] --END-- [ RunTime:0.000058s ]

[ 2016-12-12T21:05:40+08:00 ] 125.120.40.70 /singcms/admin.php?c=index
INFO: [ app_init ] --START--
INFO: Run Behavior\BuildLiteBehavior [ RunTime:0.000012s ]
INFO: [ app_init ] --END-- [ RunTime:0.000058s ]
INFO: [ app_begin ] --START--
INFO: Run Behavior\ReadHtmlCacheBehavior [ RunTime:0.000033s ]
INFO: [ app_begin ] --END-- [ RunTime:0.000064s ]
INFO: [ view_parse ] --START--
INFO: [ template_filter ] --START--
INFO: Run Behavior\ContentReplaceBehavior [ RunTime:0.000036s ]
INFO: [ template_filter ] --END-- [ RunTime:0.000073s ]
NOTIC: [2048] Declaration of Common\Model\MenuModel::find() should be compatible with Think\Model::find($options = Array) /var/www/html/singcms/Application/Common/Model/MenuModel.class.php 第 5 行.
SQL: SHOW COLUMNS FROM `cms_menu` [ RunTime:0.0005s ]
SQL: SELECT * FROM `cms_menu` WHERE `status` <> -1 AND `type` = 1 ORDER BY listorder desc,menu_id desc  [ RunTime:0.0001s ]
NOTIC: [2] Illegal string offset 'c' /var/www/html/singcms/Application/Common/Common/function.php 第 33 行.
NOTIC: [2] Illegal string offset 'c' /var/www/html/singcms/Application/Common/Common/function.php 第 33 行.
NOTIC: [8] Undefined index: a /var/www/html/singcms/Application/Common/Common/function.php 第 23 行.
NOTIC: [2] Illegal string offset 'c' /var/www/html/singcms/Application/Common/Common/function.php 第 33 行.
NOTIC: [8] Undefined index: a /var/www/html/singcms/Application/Common/Common/function.php 第 23 行.
NOTIC: [2] Illegal string offset 'c' /var/www/html/singcms/Application/Common/Common/function.php 第 33 行.
NOTIC: [8] Undefined index: a /var/www/html/singcms/Application/Common/Common/function.php 第 23 行.
NOTIC: [2] Illegal string offset 'c' /var/www/html/singcms/Application/Common/Common/function.php 第 33 行.
NOTIC: [8] Undefined index: a /var/www/html/singcms/Application/Common/Common/function.php 第 23 行.
NOTIC: [2] Illegal string offset 'c' /var/www/html/singcms/Application/Common/Common/function.php 第 33 行.
NOTIC: [8] Undefined index: a /var/www/html/singcms/Application/Common/Common/function.php 第 23 行.
NOTIC: [2] Illegal string offset 'c' /var/www/html/singcms/Application/Common/Common/function.php 第 33 行.
NOTIC: [8] Undefined index: a /var/www/html/singcms/Application/Common/Common/function.php 第 23 行.
INFO: Run Behavior\ParseTemplateBehavior [ RunTime:0.005890s ]
INFO: [ view_parse ] --END-- [ RunTime:0.005924s ]
INFO: [ view_filter ] --START--
INFO: Run Behavior\WriteHtmlCacheBehavior [ RunTime:0.000034s ]
INFO: [ view_filter ] --END-- [ RunTime:0.000061s ]
INFO: [ app_end ] --START--
INFO: Run Behavior\ShowPageTraceBehavior [ RunTime:0.000040s ]
INFO: [ app_end ] --END-- [ RunTime:0.000079s ]

[ 2016-12-12T21:05:42+08:00 ] 125.120.40.70 /singcms/admin.php?c=basic
INFO: [ app_init ] --START--
INFO: Run Behavior\BuildLiteBehavior [ RunTime:0.000012s ]
INFO: [ app_init ] --END-- [ RunTime:0.000059s ]
INFO: [ app_begin ] --START--
INFO: Run Behavior\ReadHtmlCacheBehavior [ RunTime:0.000031s ]
INFO: [ app_begin ] --END-- [ RunTime:0.000061s ]
NOTIC: [2048] Declaration of Common\Model\BasicModel::save() should be compatible with Think\Model::save($data = '', $options = Array) /var/www/html/singcms/Application/Common/Model/BasicModel.class.php 第 8 行.
NOTIC: [2048] Declaration of Common\Model\BasicModel::select() should be compatible with Think\Model::select($options = Array) /var/www/html/singcms/Application/Common/Model/BasicModel.class.php 第 8 行.
INFO: [ view_parse ] --START--
INFO: [ template_filter ] --START--
INFO: Run Behavior\ContentReplaceBehavior [ RunTime:0.000033s ]
INFO: [ template_filter ] --END-- [ RunTime:0.000066s ]
NOTIC: [2048] Declaration of Common\Model\MenuModel::find() should be compatible with Think\Model::find($options = Array) /var/www/html/singcms/Application/Common/Model/MenuModel.class.php 第 0 行.
SQL: SHOW COLUMNS FROM `cms_menu` [ RunTime:0.0005s ]
SQL: SELECT * FROM `cms_menu` WHERE `status` <> -1 AND `type` = 1 ORDER BY listorder desc,menu_id desc  [ RunTime:0.0001s ]
NOTIC: [2] Illegal string offset 'c' /var/www/html/singcms/Application/Common/Common/function.php 第 33 行.
NOTIC: [2] Illegal string offset 'c' /var/www/html/singcms/Application/Common/Common/function.php 第 33 行.
NOTIC: [8] Undefined index: a /var/www/html/singcms/Application/Common/Common/function.php 第 23 行.
NOTIC: [2] Illegal string offset 'c' /var/www/html/singcms/Application/Common/Common/function.php 第 33 行.
NOTIC: [8] Undefined index: a /var/www/html/singcms/Application/Common/Common/function.php 第 23 行.
NOTIC: [2] Illegal string offset 'c' /var/www/html/singcms/Application/Common/Common/function.php 第 33 行.
NOTIC: [8] Undefined index: a /var/www/html/singcms/Application/Common/Common/function.php 第 23 行.
NOTIC: [2] Illegal string offset 'c' /var/www/html/singcms/Application/Common/Common/function.php 第 33 行.
NOTIC: [8] Undefined index: a /var/www/html/singcms/Application/Common/Common/function.php 第 23 行.
NOTIC: [2] Illegal string offset 'c' /var/www/html/singcms/Application/Common/Common/function.php 第 33 行.
NOTIC: [8] Undefined index: a /var/www/html/singcms/Application/Common/Common/function.php 第 23 行.
NOTIC: [2] Illegal string offset 'c' /var/www/html/singcms/Application/Common/Common/function.php 第 33 行.
NOTIC: [8] Undefined index: a /var/www/html/singcms/Application/Common/Common/function.php 第 23 行.
INFO: Run Behavior\ParseTemplateBehavior [ RunTime:0.004799s ]
INFO: [ view_parse ] --END-- [ RunTime:0.004831s ]
INFO: [ view_filter ] --START--
INFO: Run Behavior\WriteHtmlCacheBehavior [ RunTime:0.000030s ]
INFO: [ view_filter ] --END-- [ RunTime:0.000055s ]
INFO: [ app_end ] --START--
INFO: Run Behavior\ShowPageTraceBehavior [ RunTime:0.000027s ]
INFO: [ app_end ] --END-- [ RunTime:0.000055s ]

[ 2016-12-12T21:05:42+08:00 ] 125.120.40.70 /singcms/admin.php?c=menu
INFO: [ app_init ] --START--
INFO: Run Behavior\BuildLiteBehavior [ RunTime:0.000012s ]
INFO: [ app_init ] --END-- [ RunTime:0.000059s ]
INFO: [ app_begin ] --START--
INFO: Run Behavior\ReadHtmlCacheBehavior [ RunTime:0.000030s ]
INFO: [ app_begin ] --END-- [ RunTime:0.000060s ]
NOTIC: [8] Undefined index: p /var/www/html/singcms/Application/Admin/Controller/MenuController.class.php 第 48 行.
NOTIC: [8] Undefined index: pageSize /var/www/html/singcms/Application/Admin/Controller/MenuController.class.php 第 49 行.
NOTIC: [2048] Declaration of Common\Model\MenuModel::find() should be compatible with Think\Model::find($options = Array) /var/www/html/singcms/Application/Common/Model/MenuModel.class.php 第 5 行.
SQL: SHOW COLUMNS FROM `cms_menu` [ RunTime:0.0005s ]
SQL: SELECT * FROM `cms_menu` WHERE `status` <> -1 ORDER BY listorder desc,menu_id desc LIMIT 0,3   [ RunTime:0.0001s ]
SQL: SELECT COUNT(*) AS tp_count FROM `cms_menu` WHERE `status` <> -1 LIMIT 1   [ RunTime:0.0001s ]
INFO: [ view_parse ] --START--
INFO: [ template_filter ] --START--
INFO: Run Behavior\ContentReplaceBehavior [ RunTime:0.000039s ]
INFO: [ template_filter ] --END-- [ RunTime:0.000073s ]
SQL: SELECT * FROM `cms_menu` WHERE `status` <> -1 AND `type` = 1 ORDER BY listorder desc,menu_id desc  [ RunTime:0.0001s ]
NOTIC: [2] Illegal string offset 'c' /var/www/html/singcms/Application/Common/Common/function.php 第 33 行.
NOTIC: [2] Illegal string offset 'c' /var/www/html/singcms/Application/Common/Common/function.php 第 33 行.
NOTIC: [8] Undefined index: a /var/www/html/singcms/Application/Common/Common/function.php 第 23 行.
NOTIC: [2] Illegal string offset 'c' /var/www/html/singcms/Application/Common/Common/function.php 第 33 行.
NOTIC: [8] Undefined index: a /var/www/html/singcms/Application/Common/Common/function.php 第 23 行.
NOTIC: [2] Illegal string offset 'c' /var/www/html/singcms/Application/Common/Common/function.php 第 33 行.
NOTIC: [8] Undefined index: a /var/www/html/singcms/Application/Common/Common/function.php 第 23 行.
NOTIC: [2] Illegal string offset 'c' /var/www/html/singcms/Application/Common/Common/function.php 第 33 行.
NOTIC: [8] Undefined index: a /var/www/html/singcms/Application/Common/Common/function.php 第 23 行.
NOTIC: [2] Illegal string offset 'c' /var/www/html/singcms/Application/Common/Common/function.php 第 33 行.
NOTIC: [8] Undefined index: a /var/www/html/singcms/Application/Common/Common/function.php 第 23 行.
NOTIC: [2] Illegal string offset 'c' /var/www/html/singcms/Application/Common/Common/function.php 第 33 行.
NOTIC: [8] Undefined index: a /var/www/html/singcms/Application/Common/Common/function.php 第 23 行.
NOTIC: [8] Array to string conversion /var/www/html/singcms/Application/Runtime/Cache/Admin/b956215329b6f9aca22277599a4efdfc.php 第 100 行.
INFO: Run Behavior\ParseTemplateBehavior [ RunTime:0.005434s ]
INFO: [ view_parse ] --END-- [ RunTime:0.005467s ]
INFO: [ view_filter ] --START--
INFO: Run Behavior\WriteHtmlCacheBehavior [ RunTime:0.000030s ]
INFO: [ view_filter ] --END-- [ RunTime:0.000055s ]
INFO: [ app_end ] --START--
INFO: Run Behavior\ShowPageTraceBehavior [ RunTime:0.000030s ]
INFO: [ app_end ] --END-- [ RunTime:0.000060s ]

[ 2016-12-12T21:05:43+08:00 ] 125.120.40.70 /singcms/admin.php?c=index
INFO: [ app_init ] --START--
INFO: Run Behavior\BuildLiteBehavior [ RunTime:0.000012s ]
INFO: [ app_init ] --END-- [ RunTime:0.000058s ]
INFO: [ app_begin ] --START--
INFO: Run Behavior\ReadHtmlCacheBehavior [ RunTime:0.000121s ]
INFO: [ app_begin ] --END-- [ RunTime:0.000178s ]
INFO: [ view_parse ] --START--
INFO: [ template_filter ] --START--
INFO: Run Behavior\ContentReplaceBehavior [ RunTime:0.000036s ]
INFO: [ template_filter ] --END-- [ RunTime:0.000072s ]
NOTIC: [2048] Declaration of Common\Model\MenuModel::find() should be compatible with Think\Model::find($options = Array) /var/www/html/singcms/Application/Common/Model/MenuModel.class.php 第 5 行.
SQL: SHOW COLUMNS FROM `cms_menu` [ RunTime:0.0006s ]
SQL: SELECT * FROM `cms_menu` WHERE `status` <> -1 AND `type` = 1 ORDER BY listorder desc,menu_id desc  [ RunTime:0.0001s ]
NOTIC: [2] Illegal string offset 'c' /var/www/html/singcms/Application/Common/Common/function.php 第 33 行.
NOTIC: [2] Illegal string offset 'c' /var/www/html/singcms/Application/Common/Common/function.php 第 33 行.
NOTIC: [8] Undefined index: a /var/www/html/singcms/Application/Common/Common/function.php 第 23 行.
NOTIC: [2] Illegal string offset 'c' /var/www/html/singcms/Application/Common/Common/function.php 第 33 行.
NOTIC: [8] Undefined index: a /var/www/html/singcms/Application/Common/Common/function.php 第 23 行.
NOTIC: [2] Illegal string offset 'c' /var/www/html/singcms/Application/Common/Common/function.php 第 33 行.
NOTIC: [8] Undefined index: a /var/www/html/singcms/Application/Common/Common/function.php 第 23 行.
NOTIC: [2] Illegal string offset 'c' /var/www/html/singcms/Application/Common/Common/function.php 第 33 行.
NOTIC: [8] Undefined index: a /var/www/html/singcms/Application/Common/Common/function.php 第 23 行.
NOTIC: [2] Illegal string offset 'c' /var/www/html/singcms/Application/Common/Common/function.php 第 33 行.
NOTIC: [8] Undefined index: a /var/www/html/singcms/Application/Common/Common/function.php 第 23 行.
NOTIC: [2] Illegal string offset 'c' /var/www/html/singcms/Application/Common/Common/function.php 第 33 行.
NOTIC: [8] Undefined index: a /var/www/html/singcms/Application/Common/Common/function.php 第 23 行.
INFO: Run Behavior\ParseTemplateBehavior [ RunTime:0.007247s ]
INFO: [ view_parse ] --END-- [ RunTime:0.007280s ]
INFO: [ view_filter ] --START--
INFO: Run Behavior\WriteHtmlCacheBehavior [ RunTime:0.000034s ]
INFO: [ view_filter ] --END-- [ RunTime:0.000061s ]
INFO: [ app_end ] --START--
INFO: Run Behavior\ShowPageTraceBehavior [ RunTime:0.000034s ]
INFO: [ app_end ] --END-- [ RunTime:0.000065s ]

